Evaluating Macaulay2 program for resurgence: results_resurgence/gen_26/main.m2
Saving results to: results_resurgence/gen_26/results

Run 1/1 completed in 2.30s
Correctness saved to results_resurgence/gen_26/results/correct.json
Metrics saved to results_resurgence/gen_26/results/metrics.json

Evaluation completed successfully.

=== Metrics ===
Combined Score: 115.00

Resurgence Lower Bound: 1.0
Containment Failures: 3
Waldschmidt Constant: None
Ideal Generators: 3
Ideal Dimension: 1

Containment Checks:
  I^(4) ⊆ I^2: ✓ (ratio 2.000)
  I^(6) ⊆ I^3: ✓ (ratio 2.000)
  I^(5) ⊆ I^3: ✓ (ratio 1.667)
  I^(7) ⊆ I^4: ✓ (ratio 1.750)
  I^(3) ⊆ I^2: ✓ (ratio 1.500)
  I^(5) ⊆ I^4: ✓ (ratio 1.250)
  I^(4) ⊆ I^3: ✓ (ratio 1.333)
  I^(2) ⊆ I^1: ✓ (ratio 2.000)
  I^(3) ⊆ I^1: ✓ (ratio 3.000)
  I^(2) ⊆ I^2: ✗ (ratio 1.000)
  I^(3) ⊆ I^3: ✗ (ratio 1.000)
  I^(4) ⊆ I^4: ✗ (ratio 1.000)
